0 info it worked if it ends with ok
1 verbose cli [ 'C:\\nvm4w\\nodejs\\node.exe',
1 verbose cli   'C:\\nvm4w\\nodejs\\node_modules\\npm\\bin\\npm-cli.js',
1 verbose cli   'start' ]
2 info using npm@3.10.8
3 info using node@v6.9.0
4 verbose run-script [ 'prestart', 'start', 'poststart' ]
5 info lifecycle spa-vanillajs@1.0.0~prestart: spa-vanillajs@1.0.0
6 silly lifecycle spa-vanillajs@1.0.0~prestart: no script for prestart, continuing
7 info lifecycle spa-vanillajs@1.0.0~start: spa-vanillajs@1.0.0
8 verbose lifecycle spa-vanillajs@1.0.0~start: unsafe-perm in lifecycle true
9 verbose lifecycle spa-vanillajs@1.0.0~start: PATH: C:\Users\mntsaba\AppData\Local\nvm\v6.9.0\node_modules\npm\bin\node-gyp-bin;C:\Users\mntsaba\source\hubrepos\javascript-spa-simple\node_modules\.bin;C:\Python312\Scripts\;C:\Python312\;C:\WINDOWS\system32;C:\WINDOWS;C:\WINDOWS\System32\Wbem;C:\WINDOWS\System32\WindowsPowerShell\v1.0\;C:\WINDOWS\System32\OpenSSH\;C:\Program Files\dotnet\;C:\Program Files\Microsoft SQL Server\Client SDK\ODBC\110\Tools\Binn\;C:\Program Files (x86)\Microsoft SQL Server\120\Tools\Binn\ManagementStudio\;C:\Program Files (x86)\Microsoft SQL Server\120\Tools\Binn\;C:\Program Files\Microsoft SQL Server\120\Tools\Binn\;C:\Program Files (x86)\Microsoft SQL Server\120\DTS\Binn\;C:\Program Files\Microsoft SQL Server\120\DTS\Binn\;C:\ProgramData\chocolatey\bin;C:\Program Files\Microsoft SQL Server\150\Tools\Binn\;C:\Program Files\Microsoft SQL Server\Client SDK\ODBC\170\Tools\Binn\;C:\Program Files\Git\cmd;%NVM_HOME%;%NVM_SYMLINK%;C:\Users\mntsaba\AppData\Local\Microsoft\WindowsApps;C:\Users\mntsaba\AppData\Local\Programs\Microsoft VS Code\bin;C:\Users\mntsaba\.dotnet\tools;C:\Users\mntsaba\AppData\Local\nvm;C:\nvm4w\nodejs
10 verbose lifecycle spa-vanillajs@1.0.0~start: CWD: C:\Users\mntsaba\source\hubrepos\javascript-spa-simple
11 silly lifecycle spa-vanillajs@1.0.0~start: Args: [ '/d /s /c',
11 silly lifecycle   'webpack serve --config ./webpack/webpack.config.js --env env=dev --open' ]
12 silly lifecycle spa-vanillajs@1.0.0~start: Returned: code: 1  signal: null
13 info lifecycle spa-vanillajs@1.0.0~start: Failed to exec start script
14 verbose stack Error: spa-vanillajs@1.0.0 start: `webpack serve --config ./webpack/webpack.config.js --env env=dev --open`
14 verbose stack Exit status 1
14 verbose stack     at EventEmitter.<anonymous> (C:\Users\mntsaba\AppData\Local\nvm\v6.9.0\node_modules\npm\lib\utils\lifecycle.js:255:16)
14 verbose stack     at emitTwo (events.js:106:13)
14 verbose stack     at EventEmitter.emit (events.js:191:7)
14 verbose stack     at ChildProcess.<anonymous> (C:\Users\mntsaba\AppData\Local\nvm\v6.9.0\node_modules\npm\lib\utils\spawn.js:40:14)
14 verbose stack     at emitTwo (events.js:106:13)
14 verbose stack     at ChildProcess.emit (events.js:191:7)
14 verbose stack     at maybeClose (internal/child_process.js:877:16)
14 verbose stack     at Process.ChildProcess._handle.onexit (internal/child_process.js:226:5)
15 verbose pkgid spa-vanillajs@1.0.0
16 verbose cwd C:\Users\mntsaba\source\hubrepos\javascript-spa-simple
17 error Windows_NT 10.0.26100
18 error argv "C:\\nvm4w\\nodejs\\node.exe" "C:\\nvm4w\\nodejs\\node_modules\\npm\\bin\\npm-cli.js" "start"
19 error node v6.9.0
20 error npm  v3.10.8
21 error code ELIFECYCLE
22 error spa-vanillajs@1.0.0 start: `webpack serve --config ./webpack/webpack.config.js --env env=dev --open`
22 error Exit status 1
23 error Failed at the spa-vanillajs@1.0.0 start script 'webpack serve --config ./webpack/webpack.config.js --env env=dev --open'.
23 error Make sure you have the latest version of node.js and npm installed.
23 error If you do, this is most likely a problem with the spa-vanillajs package,
23 error not with npm itself.
23 error Tell the author that this fails on your system:
23 error     webpack serve --config ./webpack/webpack.config.js --env env=dev --open
23 error You can get information on how to open an issue for this project with:
23 error     npm bugs spa-vanillajs
23 error Or if that isn't available, you can get their info via:
23 error     npm owner ls spa-vanillajs
23 error There is likely additional logging output above.
24 verbose exit [ 1, true ]
